Mplus VERSION 7.4
MUTHEN & MUTHEN
04/24/2020  10:20 AM

INPUT INSTRUCTIONS

  TITLE:    Epres en independientes. Factorial confirmatorio con seis factores.
  DATA:    FILE IS EPRES_INDEP.dat;
                 FORMAT IS free;
  VARIABLE: NAMES ARE a1 a2 a3 a4 b1 b2 b3 c1-c3 d1-d5 e1-e5 f1-f5;
                     USEVARIABLES = a2 a3 a4 b1 b2 b3 d1-d5 e1 e4 e5 f2-f5;
                     CATEGORICAL = a2 a3 a4 b1 b2 b3 d1-d5 e1 e4 e5;
                     MISSING is a2 a3 a4 b1-b3 d1-d5 e1 e4 e5 f2-f5 (99);

  ANALYSIS: ESTIMATOR = WLSMV;
  MODEL:
                TEMP BY a2* a3 a4;
                [TEMP@0];
                TEMP@1;

                WAGE BY b1* b2 b3;
                [WAGE@0];
                WAGE@1;

                EXCE BY d1-d5*;
                [EXCE@0];
                EXCE@1;

                CEXO BY e1* e4 e5;
                [CEXO@0];
                CEXO@1;

                JORN BY f2-f5*;
                [JORN@0];
                JORN@1;




  OUTPUT: SAMPSTAT;
          STANDARDIZED(STDYX);
          MODINDICES(ALL);





INPUT READING TERMINATED NORMALLY



Epres en independientes. Factorial confirmatorio con seis factores.

SUMMARY OF ANALYSIS

Number of groups                                                 1
Number of observations                                        2115

Number of dependent variables                                   18
Number of independent variables                                  0
Number of continuous latent variables                            5

Observed dependent variables

  Continuous
   F2          F3          F4          F5

  Binary and ordered categorical (ordinal)
   A2          A3          A4          B1          B2          B3
   D1          D2          D3          D4          D5          E1
   E4          E5

Continuous latent variables
   TEMP        WAGE        EXCE        CEXO        JORN


Estimator                                                    WLSMV
Maximum number of iterations                                  1000
Convergence criterion                                    0.500D-04
Maximum number of steepest descent iterations                   20
Maximum number of iterations for H1                           2000
Convergence criterion for H1                             0.100D-03
Parameterization                                             DELTA

Input data file(s)
  EPRES_INDEP.dat

Input data format  FREE


SUMMARY OF DATA

     Number of missing data patterns            43


COVARIANCE COVERAGE OF DATA

Minimum covariance coverage value   0.100


     PROPORTION OF DATA PRESENT


           Covariance Coverage
              A2            A3            A4            B1            B2
              ________      ________      ________      ________      ________
 A2             1.000
 A3             1.000         1.000
 A4             1.000         1.000         1.000
 B1             0.970         0.970         0.970         0.970
 B2             0.997         0.997         0.997         0.968         0.997
 B3             0.993         0.993         0.993         0.965         0.992
 D1             0.984         0.984         0.984         0.955         0.982
 D2             0.959         0.959         0.959         0.930         0.958
 D3             0.981         0.981         0.981         0.952         0.979
 D4             0.972         0.972         0.972         0.944         0.971
 D5             0.954         0.954         0.954         0.926         0.953
 E1             1.000         1.000         1.000         0.970         0.997
 E4             1.000         1.000         1.000         0.970         0.997
 E5             1.000         1.000         1.000         0.970         0.997
 F2             0.978         0.978         0.978         0.948         0.975
 F3             1.000         1.000         1.000         0.970         0.997
 F4             1.000         1.000         1.000         0.970         0.997
 F5             1.000         1.000         1.000         0.970         0.997


           Covariance Coverage
              B3            D1            D2            D3            D4
              ________      ________      ________      ________      ________
 B3             0.993
 D1             0.977         0.984
 D2             0.954         0.956         0.959
 D3             0.975         0.975         0.957         0.981
 D4             0.966         0.967         0.951         0.968         0.972
 D5             0.948         0.949         0.933         0.951         0.944
 E1             0.993         0.984         0.959         0.981         0.972
 E4             0.993         0.984         0.959         0.981         0.972
 E5             0.993         0.984         0.959         0.981         0.972
 F2             0.971         0.962         0.938         0.958         0.950
 F3             0.993         0.984         0.959         0.981         0.972
 F4             0.993         0.984         0.959         0.981         0.972
 F5             0.993         0.984         0.959         0.981         0.972


           Covariance Coverage
              D5            E1            E4            E5            F2
              ________      ________      ________      ________      ________
 D5             0.954
 E1             0.954         1.000
 E4             0.954         1.000         1.000
 E5             0.954         1.000         1.000         1.000
 F2             0.932         0.978         0.978         0.978         0.978
 F3             0.954         1.000         1.000         1.000         0.978
 F4             0.954         1.000         1.000         1.000         0.978
 F5             0.954         1.000         1.000         1.000         0.978


           Covariance Coverage
              F3            F4            F5
              ________      ________      ________
 F3             1.000
 F4             1.000         1.000
 F5             1.000         1.000         1.000


UNIVARIATE PROPORTIONS AND COUNTS FOR CATEGORICAL VARIABLES

    A2
      Category 1    0.316          669.000
      Category 2    0.351          743.000
      Category 3    0.332          703.000
    A3
      Category 1    0.856         1811.000
      Category 2    0.144          304.000
    A4
      Category 1    0.498         1054.000
      Category 2    0.232          491.000
      Category 3    0.119          252.000
      Category 4    0.062          132.000
      Category 5    0.088          186.000
    B1
      Category 1    0.041           84.000
      Category 2    0.113          231.000
      Category 3    0.300          615.000
      Category 4    0.547         1122.000
    B2
      Category 1    0.275          580.000
      Category 2    0.354          746.000
      Category 3    0.232          489.000
      Category 4    0.139          294.000
    B3
      Category 1    0.140          295.000
      Category 2    0.221          464.000
      Category 3    0.282          592.000
      Category 4    0.357          749.000
    D1
      Category 1    0.587         1222.000
      Category 2    0.126          263.000
      Category 3    0.121          252.000
      Category 4    0.165          344.000
    D2
      Category 1    0.581         1179.000
      Category 2    0.102          206.000
      Category 3    0.122          248.000
      Category 4    0.195          396.000
    D3
      Category 1    0.683         1417.000
      Category 2    0.120          248.000
      Category 3    0.105          217.000
      Category 4    0.093          192.000
    D4
      Category 1    0.554         1138.000
      Category 2    0.114          235.000
      Category 3    0.151          311.000
      Category 4    0.181          372.000
    D5
      Category 1    0.648         1308.000
      Category 2    0.121          244.000
      Category 3    0.105          212.000
      Category 4    0.126          254.000
    E1
      Category 1    0.858         1814.000
      Category 2    0.142          301.000
    E4
      Category 1    0.871         1842.000
      Category 2    0.129          273.000
    E5
      Category 1    0.930         1968.000
      Category 2    0.070          147.000


SAMPLE STATISTICS


     ESTIMATED SAMPLE STATISTICS


           MEANS/INTERCEPTS/THRESHOLDS
              A2$1          A2$2          A3$1          A4$1          A4$2
              ________      ________      ________      ________      ________
      1        -0.478         0.433         1.064        -0.004         0.614


           MEANS/INTERCEPTS/THRESHOLDS
              A4$3          A4$4          B1$1          B1$2          B1$3
              ________      ________      ________      ________      ________
      1         1.035         1.354        -1.740        -1.022        -0.118


           MEANS/INTERCEPTS/THRESHOLDS
              B2$1          B2$2          B2$3          B3$1          B3$2
              ________      ________      ________      ________      ________
      1        -0.598         0.329         1.083        -1.078        -0.355


           MEANS/INTERCEPTS/THRESHOLDS
              B3$3          D1$1          D1$2          D1$3          D2$1
              ________      ________      ________      ________      ________
      1         0.367         0.220         0.564         0.973         0.205


           MEANS/INTERCEPTS/THRESHOLDS
              D2$2          D2$3          D3$1          D3$2          D3$3
              ________      ________      ________      ________      ________
      1         0.475         0.859         0.477         0.852         1.325


           MEANS/INTERCEPTS/THRESHOLDS
              D4$1          D4$2          D4$3          D5$1          D5$2
              ________      ________      ________      ________      ________
      1         0.135         0.434         0.912         0.380         0.736


           MEANS/INTERCEPTS/THRESHOLDS
              D5$3          E1$1          E4$1          E5$1          F2
              ________      ________      ________      ________      ________
      1         1.146         1.070         1.131         1.479         1.469


           MEANS/INTERCEPTS/THRESHOLDS
              F3            F4            F5
              ________      ________      ________
      1         6.422         3.383         2.652


           CORRELATION MATRIX (WITH VARIANCES ON THE DIAGONAL)
              A2            A3            A4            B1            B2
              ________      ________      ________      ________      ________
 A2
 A3             0.531
 A4             0.321         0.411
 B1             0.321         0.172         0.101
 B2             0.412         0.195         0.163         0.554
 B3             0.404         0.207         0.192         0.553         0.841
 D1             0.007         0.018         0.057        -0.005         0.081
 D2             0.068         0.014         0.094         0.044         0.118
 D3             0.088         0.073         0.108         0.055         0.133
 D4             0.109         0.038         0.087         0.056         0.158
 D5             0.069         0.086         0.106         0.032         0.128
 E1             0.223         0.318         0.280         0.014         0.022
 E4             0.102         0.201         0.084        -0.194        -0.049
 E5             0.023         0.235         0.171        -0.139        -0.102
 F2            -0.097        -0.074        -0.034        -0.141        -0.112
 F3            -0.239        -0.236        -0.139        -0.167        -0.149
 F4            -0.157        -0.198        -0.089        -0.094        -0.094
 F5            -0.129        -0.179        -0.087        -0.048        -0.065


           CORRELATION MATRIX (WITH VARIANCES ON THE DIAGONAL)
              B3            D1            D2            D3            D4
              ________      ________      ________      ________      ________
 D1             0.090
 D2             0.146         0.802
 D3             0.153         0.757         0.872
 D4             0.181         0.801         0.813         0.808
 D5             0.176         0.747         0.818         0.844         0.826
 E1             0.043         0.006         0.096         0.161         0.079
 E4             0.007        -0.025         0.014        -0.020         0.034
 E5            -0.070         0.000        -0.008        -0.077         0.004
 F2            -0.099         0.184         0.133         0.121         0.175
 F3            -0.156         0.304         0.164         0.147         0.194
 F4            -0.106         0.342         0.199         0.164         0.223
 F5            -0.074         0.307         0.200         0.174         0.214


           CORRELATION MATRIX (WITH VARIANCES ON THE DIAGONAL)
              D5            E1            E4            E5            F2
              ________      ________      ________      ________      ________
 E1             0.124
 E4            -0.023         0.221
 E5             0.035         0.393         0.524
 F2             0.130        -0.039        -0.071        -0.003         5.951
 F3             0.142        -0.165        -0.137        -0.028         0.409
 F4             0.179        -0.138        -0.181        -0.106         0.355
 F5             0.162        -0.123        -0.159        -0.134         0.237


           CORRELATION MATRIX (WITH VARIANCES ON THE DIAGONAL)
              F3            F4            F5
              ________      ________      ________
 F3            16.592
 F4             0.608        18.121
 F5             0.478         0.806         3.000


UNIVARIATE SAMPLE STATISTICS


     UNIVARIATE HIGHER-ORDER MOMENT DESCRIPTIVE STATISTICS

         Variable/         Mean/     Skewness/   Minimum/ % with                Percentiles
        Sample Size      Variance    Kurtosis    Maximum  Min/Max      20%/60%    40%/80%    Median

     F2                    1.469       2.497       0.000   55.32%       0.000      0.000      0.000
            2068.000       5.951       7.060      12.000    2.42%       1.000      2.000
     F3                    6.422      -0.023       0.000   17.78%       3.000      6.000      7.000
            2115.000      16.592      -0.448      20.000    0.24%       8.000     10.000
     F4                    3.383       0.950       0.000   53.90%       0.000      0.000      0.000
            2115.000      18.121      -0.155      20.000    0.09%       4.000      8.000
     F5                    2.652       0.349       1.000   45.86%       1.000      1.000      2.000
            2115.000       3.000      -1.618       5.000   29.03%       3.000      5.000


THE MODEL ESTIMATION TERMINATED NORMALLY



MODEL FIT INFORMATION

Number of Free Parameters                       70

Chi-Square Test of Model Fit

          Value                            590.935*
          Degrees of Freedom                   125
          P-Value                           0.0000

*   The chi-square value for MLM, MLMV, MLR, ULSMV, WLSM and WLSMV cannot be used
    for chi-square difference testing in the regular way.  MLM, MLR and WLSM
    chi-square difference testing is described on the Mplus website.  MLMV, WLSMV,
    and ULSMV difference testing is done using the DIFFTEST option.

RMSEA (Root Mean Square Error Of Approximation)

          Estimate                           0.042
          90 Percent C.I.                    0.039  0.045
          Probability RMSEA <= .05           1.000

CFI/TLI

          CFI                                0.988
          TLI                                0.985

Chi-Square Test of Model Fit for the Baseline Model

          Value                          37586.404
          Degrees of Freedom                   153
          P-Value                           0.0000

WRMR (Weighted Root Mean Square Residual)

          Value                              1.635



MODEL RESULTS

                                                    Two-Tailed
                    Estimate       S.E.  Est./S.E.    P-Value

 TEMP     BY
    A2                 0.800      0.029     27.290      0.000
    A3                 0.676      0.035     19.384      0.000
    A4                 0.464      0.028     16.660      0.000

 WAGE     BY
    B1                 0.611      0.019     32.322      0.000
    B2                 0.908      0.013     71.079      0.000
    B3                 0.924      0.013     73.723      0.000

 EXCE     BY
    D1                 0.863      0.009     96.441      0.000
    D2                 0.923      0.007    140.186      0.000
    D3                 0.921      0.007    138.418      0.000
    D4                 0.902      0.007    128.514      0.000
    D5                 0.899      0.008    118.154      0.000

 CEXO     BY
    E1                 0.669      0.056     12.012      0.000
    E4                 0.570      0.051     11.205      0.000
    E5                 0.620      0.053     11.780      0.000

 JORN     BY
    F2                 1.155      0.045     25.789      0.000
    F3                 3.292      0.105     31.324      0.000
    F4                 3.384      0.136     24.904      0.000
    F5                 1.152      0.087     13.293      0.000

 WAGE     WITH
    TEMP               0.504      0.028     18.310      0.000

 EXCE     WITH
    TEMP               0.114      0.032      3.545      0.000
    WAGE               0.150      0.026      5.728      0.000

 CEXO     WITH
    TEMP               0.438      0.049      8.847      0.000
    WAGE              -0.066      0.043     -1.535      0.125
    EXCE               0.064      0.042      1.522      0.128

 JORN     WITH
    TEMP              -0.306      0.030    -10.368      0.000
    WAGE              -0.186      0.026     -7.206      0.000
    EXCE               0.304      0.025     12.319      0.000
    CEXO              -0.260      0.047     -5.562      0.000

 Means
    TEMP               0.000      0.000    999.000    999.000
    WAGE               0.000      0.000    999.000    999.000
    EXCE               0.000      0.000    999.000    999.000
    CEXO               0.000      0.000    999.000    999.000
    JORN               0.000      0.000    999.000    999.000

 Intercepts
    F2                 1.469      0.096     15.289      0.000
    F3                 6.422      0.089     72.493      0.000
    F4                 3.383      0.130     26.117      0.000
    F5                 2.652      0.046     58.137      0.000

 Thresholds
    A2$1              -0.478      0.028    -16.824      0.000
    A2$2               0.433      0.028     15.365      0.000
    A3$1               1.064      0.034     31.594      0.000
    A4$1              -0.004      0.027     -0.152      0.879
    A4$2               0.614      0.029     21.034      0.000
    A4$3               1.035      0.033     31.097      0.000
    A4$4               1.354      0.039     35.083      0.000
    B1$1              -1.740      0.050    -34.928      0.000
    B1$2              -1.022      0.034    -30.393      0.000
    B1$3              -0.118      0.028     -4.238      0.000
    B2$1              -0.598      0.029    -20.513      0.000
    B2$2               0.329      0.028     11.803      0.000
    B2$3               1.083      0.034     31.868      0.000
    B3$1              -1.078      0.034    -31.721      0.000
    B3$2              -0.355      0.028    -12.673      0.000
    B3$3               0.367      0.028     13.106      0.000
    D1$1               0.220      0.028      7.951      0.000
    D1$2               0.564      0.029     19.364      0.000
    D1$3               0.973      0.033     29.694      0.000
    D2$1               0.205      0.028      7.299      0.000
    D2$2               0.475      0.029     16.382      0.000
    D2$3               0.859      0.032     26.931      0.000
    D3$1               0.477      0.029     16.618      0.000
    D3$2               0.852      0.031     27.059      0.000
    D3$3               1.325      0.038     34.525      0.000
    D4$1               0.135      0.028      4.851      0.000
    D4$2               0.434      0.029     15.166      0.000
    D4$3               0.912      0.032     28.273      0.000
    D5$1               0.380      0.029     13.279      0.000
    D5$2               0.736      0.031     23.870      0.000
    D5$3               1.146      0.036     32.108      0.000
    E1$1               1.070      0.034     31.699      0.000
    E4$1               1.131      0.035     32.649      0.000
    E5$1               1.480      0.041     35.727      0.000

 Variances
    TEMP               1.000      0.000    999.000    999.000
    WAGE               1.000      0.000    999.000    999.000
    EXCE               1.000      0.000    999.000    999.000
    CEXO               1.000      0.000    999.000    999.000
    JORN               1.000      0.000    999.000    999.000

 Residual Variances
    F2                 4.618      0.125     36.998      0.000
    F3                 5.755      0.449     12.821      0.000
    F4                 6.670      0.416     16.033      0.000
    F5                 1.673      0.100     16.706      0.000


STANDARDIZED MODEL RESULTS


STDYX Standardization

                                                    Two-Tailed
                    Estimate       S.E.  Est./S.E.    P-Value

 TEMP     BY
    A2                 0.800      0.029     27.290      0.000
    A3                 0.676      0.035     19.384      0.000
    A4                 0.464      0.028     16.660      0.000

 WAGE     BY
    B1                 0.611      0.019     32.322      0.000
    B2                 0.908      0.013     71.079      0.000
    B3                 0.924      0.013     73.723      0.000

 EXCE     BY
    D1                 0.863      0.009     96.441      0.000
    D2                 0.923      0.007    140.186      0.000
    D3                 0.921      0.007    138.418      0.000
    D4                 0.902      0.007    128.514      0.000
    D5                 0.899      0.008    118.154      0.000

 CEXO     BY
    E1                 0.669      0.056     12.012      0.000
    E4                 0.570      0.051     11.205      0.000
    E5                 0.620      0.053     11.780      0.000

 JORN     BY
    F2                 0.473      0.015     30.649      0.000
    F3                 0.808      0.018     46.038      0.000
    F4                 0.795      0.018     44.298      0.000
    F5                 0.665      0.026     25.861      0.000

 WAGE     WITH
    TEMP               0.504      0.028     18.310      0.000

 EXCE     WITH
    TEMP               0.114      0.032      3.545      0.000
    WAGE               0.150      0.026      5.728      0.000

 CEXO     WITH
    TEMP               0.438      0.049      8.847      0.000
    WAGE              -0.066      0.043     -1.535      0.125
    EXCE               0.064      0.042      1.522      0.128

 JORN     WITH
    TEMP              -0.306      0.030    -10.368      0.000
    WAGE              -0.186      0.026     -7.206      0.000
    EXCE               0.304      0.025     12.319      0.000
    CEXO              -0.260      0.047     -5.562      0.000

 Means
    TEMP               0.000      0.000    999.000    999.000
    WAGE               0.000      0.000    999.000    999.000
    EXCE               0.000      0.000    999.000    999.000
    CEXO               0.000      0.000    999.000    999.000
    JORN               0.000      0.000    999.000    999.000

 Intercepts
    F2                 0.602      0.046     13.053      0.000
    F3                 1.577      0.035     45.342      0.000
    F4                 0.795      0.045     17.766      0.000
    F5                 1.531      0.083     18.442      0.000

 Thresholds
    A2$1              -0.478      0.028    -16.824      0.000
    A2$2               0.433      0.028     15.365      0.000
    A3$1               1.064      0.034     31.594      0.000
    A4$1              -0.004      0.027     -0.152      0.879
    A4$2               0.614      0.029     21.034      0.000
    A4$3               1.035      0.033     31.097      0.000
    A4$4               1.354      0.039     35.083      0.000
    B1$1              -1.740      0.050    -34.928      0.000
    B1$2              -1.022      0.034    -30.393      0.000
    B1$3              -0.118      0.028     -4.238      0.000
    B2$1              -0.598      0.029    -20.513      0.000
    B2$2               0.329      0.028     11.803      0.000
    B2$3               1.083      0.034     31.868      0.000
    B3$1              -1.078      0.034    -31.721      0.000
    B3$2              -0.355      0.028    -12.673      0.000
    B3$3               0.367      0.028     13.106      0.000
    D1$1               0.220      0.028      7.951      0.000
    D1$2               0.564      0.029     19.364      0.000
    D1$3               0.973      0.033     29.694      0.000
    D2$1               0.205      0.028      7.299      0.000
    D2$2               0.475      0.029     16.382      0.000
    D2$3               0.859      0.032     26.931      0.000
    D3$1               0.477      0.029     16.618      0.000
    D3$2               0.852      0.031     27.059      0.000
    D3$3               1.325      0.038     34.525      0.000
    D4$1               0.135      0.028      4.851      0.000
    D4$2               0.434      0.029     15.166      0.000
    D4$3               0.912      0.032     28.273      0.000
    D5$1               0.380      0.029     13.279      0.000
    D5$2               0.736      0.031     23.870      0.000
    D5$3               1.146      0.036     32.108      0.000
    E1$1               1.070      0.034     31.699      0.000
    E4$1               1.131      0.035     32.649      0.000
    E5$1               1.480      0.041     35.727      0.000

 Variances
    TEMP               1.000      0.000    999.000    999.000
    WAGE               1.000      0.000    999.000    999.000
    EXCE               1.000      0.000    999.000    999.000
    CEXO               1.000      0.000    999.000    999.000
    JORN               1.000      0.000    999.000    999.000

 Residual Variances
    F2                 0.776      0.015     53.071      0.000
    F3                 0.347      0.028     12.225      0.000
    F4                 0.368      0.029     12.899      0.000
    F5                 0.558      0.034     16.304      0.000


R-SQUARE

    Observed                                        Two-Tailed   Residual
    Variable        Estimate       S.E.  Est./S.E.    P-Value    Variance

    A2                 0.641      0.047     13.645      0.000      0.359
    A3                 0.457      0.047      9.692      0.000      0.543
    A4                 0.216      0.026      8.330      0.000      0.784
    B1                 0.373      0.023     16.161      0.000      0.627
    B2                 0.825      0.023     35.540      0.000      0.175
    B3                 0.854      0.023     36.862      0.000      0.146
    D1                 0.745      0.015     48.220      0.000      0.255
    D2                 0.851      0.012     70.093      0.000      0.149
    D3                 0.849      0.012     69.209      0.000      0.151
    D4                 0.813      0.013     64.257      0.000      0.187
    D5                 0.809      0.014     59.077      0.000      0.191
    E1                 0.448      0.075      6.006      0.000      0.552
    E4                 0.325      0.058      5.602      0.000      0.675
    E5                 0.384      0.065      5.890      0.000      0.616
    F2                 0.224      0.015     15.325      0.000
    F3                 0.653      0.028     23.019      0.000
    F4                 0.632      0.029     22.149      0.000
    F5                 0.442      0.034     12.930      0.000


QUALITY OF NUMERICAL RESULTS

     Condition Number for the Information Matrix              0.189E-03
       (ratio of smallest to largest eigenvalue)


MODEL MODIFICATION INDICES

Minimum M.I. value for printing the modification index    10.000

                                   M.I.     E.P.C.  Std E.P.C.  StdYX E.P.C.

ON/BY Statements

A2       ON WAGE     /
WAGE     BY A2                    77.033     0.407      0.407        0.407
A2       ON CEXO     /
CEXO     BY A2                    65.130    -0.421     -0.421       -0.421
A3       ON WAGE     /
WAGE     BY A3                    45.310    -0.302     -0.302       -0.302
A3       ON CEXO     /
CEXO     BY A3                    30.543     0.288      0.288        0.288
A4       ON WAGE     /
WAGE     BY A4                    11.457    -0.106     -0.106       -0.106
A4       ON EXCE     /
EXCE     BY A4                    12.717     0.055      0.055        0.055
A4       ON CEXO     /
CEXO     BY A4                    17.809     0.158      0.158        0.158
B1       ON EXCE     /
EXCE     BY B1                    21.269    -0.074     -0.074       -0.074
B1       ON JORN     /
JORN     BY B1                    17.523    -0.074     -0.074       -0.074
D1       ON TEMP     /
TEMP     BY D1                    53.209    -0.163     -0.163       -0.163
D1       ON WAGE     /
WAGE     BY D1                    31.849    -0.111     -0.111       -0.111
D1       ON CEXO     /
CEXO     BY D1                    39.187    -0.204     -0.204       -0.204
D1       ON JORN     /
JORN     BY D1                    98.200     0.205      0.205        0.205
D3       ON JORN     /
JORN     BY D3                    17.017    -0.089     -0.089       -0.089
D5       ON JORN     /
JORN     BY D5                    13.452    -0.078     -0.078       -0.078
E1       ON TEMP     /
TEMP     BY E1                    53.052     0.337      0.337        0.337
E1       ON WAGE     /
WAGE     BY E1                    38.220     0.193      0.193        0.193
E1       ON EXCE     /
EXCE     BY E1                    22.497     0.120      0.120        0.120
E4       ON EXCE     /
EXCE     BY E4                    10.211    -0.076     -0.076       -0.076
E5       ON TEMP     /
TEMP     BY E5                    25.715    -0.246     -0.246       -0.246
E5       ON WAGE     /
WAGE     BY E5                    19.452    -0.146     -0.146       -0.146
F2       ON CEXO     /
CEXO     BY F2                    15.661     0.276      0.276        0.113
F3       ON TEMP     /
TEMP     BY F3                    27.615    -0.507     -0.507       -0.124
F3       ON WAGE     /
WAGE     BY F3                    21.389    -0.356     -0.356       -0.087
F3       ON EXCE     /
EXCE     BY F3                    22.923    -0.353     -0.353       -0.087
F5       ON WAGE     /
WAGE     BY F5                    14.868     0.122      0.122        0.071

ON Statements

TEMP     ON A2                    17.583    -0.381     -0.381       -0.381
TEMP     ON A3                    10.997     0.241      0.241        0.241
TEMP     ON E1                    29.498     0.303      0.303        0.303
TEMP     ON F3                    13.573    -0.075     -0.075       -0.305
WAGE     ON A2                    69.630     0.309      0.309        0.309
WAGE     ON A3                    38.397    -0.222     -0.222       -0.222
WAGE     ON A4                    11.409    -0.084     -0.084       -0.084
WAGE     ON E1                    17.176     0.141      0.141        0.141
WAGE     ON F2                    11.457    -0.031     -0.031       -0.075
WAGE     ON F5                    11.467     0.068      0.068        0.118
EXCE     ON A4                    13.889     0.060      0.060        0.060
EXCE     ON B1                    14.230    -0.062     -0.062       -0.062
EXCE     ON D1                    34.293    -0.342     -0.342       -0.342
EXCE     ON E1                    18.301     0.114      0.114        0.114
EXCE     ON F3                    17.525    -0.053     -0.053       -0.218
CEXO     ON A2                    33.730    -0.325     -0.325       -0.325
CEXO     ON A3                    10.287     0.174      0.174        0.174
CEXO     ON A4                    13.247     0.142      0.142        0.142
CEXO     ON B1                    11.987    -0.139     -0.139       -0.139
CEXO     ON E1                    33.075    -0.735     -0.735       -0.735
CEXO     ON E5                    28.553     0.668      0.668        0.668
JORN     ON B1                    11.200    -0.062     -0.062       -0.062
JORN     ON D1                    80.109     0.180      0.180        0.180
JORN     ON D3                    15.816    -0.083     -0.083       -0.083
JORN     ON D5                    11.819    -0.071     -0.071       -0.071
A2       ON A4                    10.987    -0.132     -0.132       -0.132
A2       ON B1                    32.626     0.141      0.141        0.141
A2       ON B2                    36.753     0.133      0.133        0.133
A2       ON B3                    28.648     0.119      0.119        0.119
A2       ON E1                    13.738    -0.122     -0.122       -0.122
A2       ON E4                    31.957    -0.200     -0.200       -0.200
A2       ON E5                    56.430    -0.299     -0.299       -0.299
A3       ON A4                    17.598     0.150      0.150        0.150
A3       ON B1                    13.652    -0.118     -0.118       -0.118
A3       ON B2                    33.822    -0.151     -0.151       -0.151
A3       ON B3                    32.555    -0.146     -0.146       -0.146
A3       ON E1                    20.416     0.155      0.155        0.155
A3       ON E5                    11.927     0.145      0.145        0.145
A4       ON A2                    10.988    -0.132     -0.132       -0.132
A4       ON A3                    17.597     0.150      0.150        0.150
A4       ON B2                    10.023    -0.057     -0.057       -0.057
A4       ON D2                    11.234     0.042      0.042        0.042
A4       ON D3                    12.736     0.045      0.045        0.045
A4       ON D4                    10.639     0.041      0.041        0.041
A4       ON D5                    12.626     0.046      0.046        0.046
A4       ON E1                    27.233     0.129      0.129        0.129
B1       ON D1                    22.128    -0.064     -0.064       -0.064
B1       ON D2                    16.308    -0.052     -0.052       -0.052
B1       ON D3                    15.244    -0.051     -0.051       -0.051
B1       ON D4                    14.549    -0.050     -0.050       -0.050
B1       ON D5                    17.528    -0.056     -0.056       -0.056
B1       ON E4                    14.084    -0.099     -0.099       -0.099
B1       ON F2                    25.650    -0.042     -0.042       -0.102
B1       ON F3                    19.655    -0.020     -0.020       -0.081
B1       ON F4                    12.652    -0.016     -0.016       -0.066
B3       ON D4                    10.058     0.045      0.045        0.045
D1       ON A2                    33.577    -0.095     -0.095       -0.095
D1       ON A3                    31.922    -0.127     -0.127       -0.127
D1       ON B1                    26.920    -0.098     -0.098       -0.098
D1       ON B2                    18.328    -0.058     -0.058       -0.058
D1       ON B3                    17.694    -0.058     -0.058       -0.058
D1       ON D3                    11.749    -0.060     -0.060       -0.060
D1       ON E1                    14.720    -0.099     -0.099       -0.099
D1       ON E4                    17.434    -0.123     -0.123       -0.123
D1       ON E5                    17.046    -0.127     -0.127       -0.127
D1       ON F2                    46.520     0.056      0.056        0.138
D1       ON F3                    85.560     0.047      0.047        0.193
D1       ON F4                    95.081     0.049      0.049        0.208
D1       ON F5                    91.074     0.135      0.135        0.234
D2       ON D3                    14.623     0.057      0.057        0.057
D3       ON D1                    11.751    -0.060     -0.060       -0.060
D3       ON D2                    14.623     0.057      0.057        0.057
D3       ON E1                    11.614     0.089      0.089        0.089
D3       ON F3                    18.794    -0.023     -0.023       -0.095
D3       ON F4                    16.707    -0.021     -0.021       -0.090
D3       ON F5                    10.669    -0.045     -0.045       -0.078
D5       ON F3                    15.750    -0.021     -0.021       -0.085
D5       ON F4                    12.061    -0.018     -0.018       -0.075
E1       ON A2                    13.249     0.113      0.113        0.113
E1       ON A3                    37.747     0.225      0.225        0.225
E1       ON A4                    44.237     0.212      0.212        0.212
E1       ON B1                    16.662     0.111      0.111        0.111
E1       ON B2                    23.548     0.103      0.103        0.103
E1       ON B3                    27.155     0.110      0.110        0.110
E1       ON D2                    17.463     0.083      0.083        0.083
E1       ON D3                    25.238     0.100      0.100        0.100
E1       ON D4                    15.479     0.079      0.079        0.079
E1       ON D5                    20.715     0.094      0.094        0.094
E1       ON E4                    28.580    -0.412     -0.412       -0.412
E4       ON A2                    13.856    -0.108     -0.108       -0.108
E4       ON B1                    20.978    -0.117     -0.117       -0.117
E4       ON E1                    28.568    -0.412     -0.412       -0.412
E4       ON E5                    33.057     0.388      0.388        0.388
E5       ON A2                    36.220    -0.206     -0.206       -0.206
E5       ON B1                    17.245    -0.126     -0.126       -0.126
E5       ON B2                    12.873    -0.085     -0.085       -0.085
E5       ON B3                    10.049    -0.072     -0.072       -0.072
E5       ON E4                    33.047     0.388      0.388        0.388
F2       ON B1                    13.459    -0.130     -0.130       -0.053
F2       ON E5                    11.915     0.222      0.222        0.091
F2       ON F5                    18.661    -0.309     -0.309       -0.219
F3       ON A2                    17.191    -0.270     -0.270       -0.066
F3       ON A3                    22.074    -0.421     -0.421       -0.103
F3       ON B1                    23.767    -0.326     -0.326       -0.080
F3       ON B2                    10.286    -0.169     -0.169       -0.042
F3       ON B3                    11.250    -0.178     -0.178       -0.044
F3       ON D2                    22.734    -0.267     -0.267       -0.066
F3       ON D3                    26.341    -0.291     -0.291       -0.071
F3       ON D4                    15.479    -0.219     -0.219       -0.054
F3       ON D5                    26.483    -0.294     -0.294       -0.072
F4       ON D1                    12.946     0.223      0.223        0.052
F4       ON F5                    46.163     1.665      1.665        0.677
F5       ON B2                    12.544     0.077      0.077        0.045
F5       ON B3                    11.303     0.074      0.074        0.043
F5       ON D1                    16.164     0.111      0.111        0.064
F5       ON F2                    18.622    -0.112     -0.112       -0.157
F5       ON F4                    46.126     0.417      0.417        1.026

WITH Statements

A2       WITH TEMP                17.594    -0.382     -0.382       -0.637
A2       WITH WAGE                69.640     0.309      0.309        0.516
A2       WITH CEXO                33.721    -0.325     -0.325       -0.542
A3       WITH TEMP                10.991     0.241      0.241        0.327
A3       WITH WAGE                38.391    -0.222     -0.222       -0.301
A3       WITH CEXO                10.292     0.174      0.174        0.237
A4       WITH WAGE                11.408    -0.084     -0.084       -0.095
A4       WITH EXCE                13.890     0.060      0.060        0.068
A4       WITH CEXO                13.249     0.142      0.142        0.161
A4       WITH A2                  10.989    -0.132     -0.132       -0.250
A4       WITH A3                  17.597     0.150      0.150        0.229
B1       WITH EXCE                14.229    -0.062     -0.062       -0.078
B1       WITH CEXO                11.985    -0.139     -0.139       -0.176
B1       WITH JORN                11.194    -0.062     -0.062       -0.079
B1       WITH A2                  10.201     0.088      0.088        0.186
B2       WITH A3                  13.045    -0.148     -0.148       -0.481
B3       WITH A3                  11.965    -0.142     -0.142       -0.503
D1       WITH EXCE                34.318    -0.342     -0.342       -0.677
D1       WITH JORN                80.103     0.180      0.180        0.357
D3       WITH JORN                15.819    -0.083     -0.083       -0.214
D3       WITH D1                  11.752    -0.060     -0.060       -0.306
D3       WITH D2                  14.623     0.057      0.057        0.382
D5       WITH JORN                11.822    -0.071     -0.071       -0.161
E1       WITH TEMP                29.492     0.303      0.303        0.407
E1       WITH WAGE                17.172     0.141      0.141        0.190
E1       WITH EXCE                18.302     0.114      0.114        0.153
E1       WITH CEXO                33.058    -0.735     -0.735       -0.989
E1       WITH A4                  23.596     0.174      0.174        0.264
E1       WITH D3                  10.707     0.134      0.134        0.465
E4       WITH A2                  10.150    -0.142     -0.142       -0.289
E4       WITH B1                  22.885    -0.182     -0.182       -0.279
E4       WITH E1                  28.571    -0.412     -0.412       -0.674
E5       WITH CEXO                28.567     0.669      0.669        0.852
E5       WITH A2                  24.520    -0.265     -0.265       -0.563
E5       WITH E4                  33.054     0.388      0.388        0.602
F2       WITH WAGE                11.453    -0.143     -0.143       -0.066
F2       WITH B1                  16.268    -0.220     -0.220       -0.129
F3       WITH TEMP                13.546    -0.431     -0.431       -0.180
F3       WITH EXCE                17.554    -0.308     -0.308       -0.128
F3       WITH B1                  12.088    -0.334     -0.334       -0.176
F3       WITH D1                  16.466     0.419      0.419        0.346
F3       WITH D3                  11.187    -0.364     -0.364       -0.390
F3       WITH D5                  11.409    -0.362     -0.362       -0.345
F4       WITH D1                  30.422     0.628      0.628        0.482
F5       WITH WAGE                11.475     0.114      0.114        0.088
F5       WITH D1                  17.613     0.243      0.243        0.372
F5       WITH F2                  18.622    -0.516     -0.516       -0.186
F5       WITH F4                  46.123     2.784      2.784        0.833


DIAGRAM INFORMATION

  Use View Diagram under the Diagram menu in the Mplus Editor to view the diagram.
  If running Mplus from the Mplus Diagrammer, the diagram opens automatically.

  Diagram output
    c:\users\nicol\onedrive - instituto nacional de estadisticas\diplomado estadística - 3ra entrega

     Beginning Time:  10:20:43
        Ending Time:  10:20:44
       Elapsed Time:  00:00:01



MUTHEN & MUTHEN
3463 Stoner Ave.
Los Angeles, CA  90066

Tel: (310) 391-9971
Fax: (310) 391-8971
Web: www.StatModel.com
Support: Support@StatModel.com

Copyright (c) 1998-2015 Muthen & Muthen
