Mplus VERSION 7.4
MUTHEN & MUTHEN
04/23/2020   5:58 PM

INPUT INSTRUCTIONS

  TITLE:    Epres en independientes. Factorial confirmatorio con seis factores.
  DATA:    FILE IS EPRES_INDEP.dat;
                 FORMAT IS free;
  VARIABLE: NAMES ARE a1 a2 a3 a4 b1 b2 b3 c1 c2 c3 d1-d5 e1-e5 f1-f5;
                     USEVARIABLES = a1 a2 a3 a4 b1 b2 b3 c1 c2 c3 d1-d5 e1 e2 e4 e5 f2-f5;
                     CATEGORICAL =a1 a2 a3 a4 b1 b2 b3 c1 c2 c3 d1-d5 e1 e2 e4 e5;
                     MISSING is a1 a2 a3 a4 b1-b3 c1 c2 c3 d1-d5 e1 e2 e4 e5 f2-f5 (99);

  ANALYSIS: ESTIMATOR = WLSMV;
  MODEL:
                TEMP BY a1* a2 a3 a4;
                [TEMP@0];
                TEMP@1;

                WAGE BY b1* b2 b3;
                [WAGE@0];
                WAGE@1;

                RIGHT BY c1* c2 c3;
                [RIGHT@0];
                RIGHT@1;

                EXCE BY d1-d5*;
                [EXCE@0];
                EXCE@1;

                CEXO BY e1* e2 e4 e5;
                [CEXO@0];
                CEXO@1;

                JORN BY f2-f5*;
                [JORN@0];
                JORN@1;



  OUTPUT: SAMPSTAT;
          STANDARDIZED(STDYX);
          MODINDICES(ALL);





INPUT READING TERMINATED NORMALLY



Epres en independientes. Factorial confirmatorio con seis factores.

SUMMARY OF ANALYSIS

Number of groups                                                 1
Number of observations                                        2115

Number of dependent variables                                   23
Number of independent variables                                  0
Number of continuous latent variables                            6

Observed dependent variables

  Continuous
   F2          F3          F4          F5

  Binary and ordered categorical (ordinal)
   A1          A2          A3          A4          B1          B2
   B3          C1          C2          C3          D1          D2
   D3          D4          D5          E1          E2          E4
   E5

Continuous latent variables
   TEMP        WAGE        RIGHT       EXCE        CEXO        JORN


Estimator                                                    WLSMV
Maximum number of iterations                                  1000
Convergence criterion                                    0.500D-04
Maximum number of steepest descent iterations                   20
Maximum number of iterations for H1                           2000
Convergence criterion for H1                             0.100D-03
Parameterization                                             DELTA

Input data file(s)
  EPRES_INDEP.dat

Input data format  FREE


SUMMARY OF DATA

     Number of missing data patterns            68


COVARIANCE COVERAGE OF DATA

Minimum covariance coverage value   0.100


     PROPORTION OF DATA PRESENT


           Covariance Coverage
              A1            A2            A3            A4            B1
              ________      ________      ________      ________      ________
 A1             0.999
 A2             0.999         1.000
 A3             0.999         1.000         1.000
 A4             0.999         1.000         1.000         1.000
 B1             0.969         0.970         0.970         0.970         0.970
 B2             0.996         0.997         0.997         0.997         0.968
 B3             0.992         0.993         0.993         0.993         0.965
 C1             0.976         0.977         0.977         0.977         0.948
 C2             0.967         0.968         0.968         0.968         0.940
 C3             0.983         0.983         0.983         0.983         0.955
 D1             0.983         0.984         0.984         0.984         0.955
 D2             0.958         0.959         0.959         0.959         0.930
 D3             0.980         0.981         0.981         0.981         0.952
 D4             0.971         0.972         0.972         0.972         0.944
 D5             0.953         0.954         0.954         0.954         0.926
 E1             0.999         1.000         1.000         1.000         0.970
 E2             0.999         1.000         1.000         1.000         0.970
 E4             0.999         1.000         1.000         1.000         0.970
 E5             0.999         1.000         1.000         1.000         0.970
 F2             0.977         0.978         0.978         0.978         0.948
 F3             0.999         1.000         1.000         1.000         0.970
 F4             0.999         1.000         1.000         1.000         0.970
 F5             0.999         1.000         1.000         1.000         0.970


           Covariance Coverage
              B2            B3            C1            C2            C3
              ________      ________      ________      ________      ________
 B2             0.997
 B3             0.992         0.993
 C1             0.974         0.970         0.977
 C2             0.965         0.961         0.948         0.968
 C3             0.981         0.976         0.960         0.952         0.983
 D1             0.982         0.977         0.962         0.953         0.967
 D2             0.958         0.954         0.938         0.930         0.944
 D3             0.979         0.975         0.958         0.950         0.965
 D4             0.971         0.966         0.949         0.942         0.957
 D5             0.953         0.948         0.933         0.926         0.939
 E1             0.997         0.993         0.977         0.968         0.983
 E2             0.997         0.993         0.977         0.968         0.983
 E4             0.997         0.993         0.977         0.968         0.983
 E5             0.997         0.993         0.977         0.968         0.983
 F2             0.975         0.971         0.955         0.947         0.962
 F3             0.997         0.993         0.977         0.968         0.983
 F4             0.997         0.993         0.977         0.968         0.983
 F5             0.997         0.993         0.977         0.968         0.983


           Covariance Coverage
              D1            D2            D3            D4            D5
              ________      ________      ________      ________      ________
 D1             0.984
 D2             0.956         0.959
 D3             0.975         0.957         0.981
 D4             0.967         0.951         0.968         0.972
 D5             0.949         0.933         0.951         0.944         0.954
 E1             0.984         0.959         0.981         0.972         0.954
 E2             0.984         0.959         0.981         0.972         0.954
 E4             0.984         0.959         0.981         0.972         0.954
 E5             0.984         0.959         0.981         0.972         0.954
 F2             0.962         0.938         0.958         0.950         0.932
 F3             0.984         0.959         0.981         0.972         0.954
 F4             0.984         0.959         0.981         0.972         0.954
 F5             0.984         0.959         0.981         0.972         0.954


           Covariance Coverage
              E1            E2            E4            E5            F2
              ________      ________      ________      ________      ________
 E1             1.000
 E2             1.000         1.000
 E4             1.000         1.000         1.000
 E5             1.000         1.000         1.000         1.000
 F2             0.978         0.978         0.978         0.978         0.978
 F3             1.000         1.000         1.000         1.000         0.978
 F4             1.000         1.000         1.000         1.000         0.978
 F5             1.000         1.000         1.000         1.000         0.978


           Covariance Coverage
              F3            F4            F5
              ________      ________      ________
 F3             1.000
 F4             1.000         1.000
 F5             1.000         1.000         1.000


UNIVARIATE PROPORTIONS AND COUNTS FOR CATEGORICAL VARIABLES

    A1
      Category 1    0.912         1926.000
      Category 2    0.025           53.000
      Category 3    0.026           55.000
      Category 4    0.023           48.000
      Category 5    0.015           31.000
    A2
      Category 1    0.316          669.000
      Category 2    0.351          743.000
      Category 3    0.332          703.000
    A3
      Category 1    0.856         1811.000
      Category 2    0.144          304.000
    A4
      Category 1    0.498         1054.000
      Category 2    0.232          491.000
      Category 3    0.119          252.000
      Category 4    0.062          132.000
      Category 5    0.088          186.000
    B1
      Category 1    0.041           84.000
      Category 2    0.113          231.000
      Category 3    0.300          615.000
      Category 4    0.547         1122.000
    B2
      Category 1    0.275          580.000
      Category 2    0.354          746.000
      Category 3    0.232          489.000
      Category 4    0.139          294.000
    B3
      Category 1    0.140          295.000
      Category 2    0.221          464.000
      Category 3    0.282          592.000
      Category 4    0.357          749.000
    C1
      Category 1    0.170          351.000
      Category 2    0.830         1715.000
    C2
      Category 1    0.042           86.000
      Category 2    0.958         1962.000
    C3
      Category 1    0.858         1785.000
      Category 2    0.142          295.000
    D1
      Category 1    0.587         1222.000
      Category 2    0.126          263.000
      Category 3    0.121          252.000
      Category 4    0.165          344.000
    D2
      Category 1    0.581         1179.000
      Category 2    0.102          206.000
      Category 3    0.122          248.000
      Category 4    0.195          396.000
    D3
      Category 1    0.683         1417.000
      Category 2    0.120          248.000
      Category 3    0.105          217.000
      Category 4    0.093          192.000
    D4
      Category 1    0.554         1138.000
      Category 2    0.114          235.000
      Category 3    0.151          311.000
      Category 4    0.181          372.000
    D5
      Category 1    0.648         1308.000
      Category 2    0.121          244.000
      Category 3    0.105          212.000
      Category 4    0.126          254.000
    E1
      Category 1    0.858         1814.000
      Category 2    0.142          301.000
    E2
      Category 1    0.579         1225.000
      Category 2    0.299          633.000
      Category 3    0.034           71.000
      Category 4    0.088          186.000
    E4
      Category 1    0.871         1842.000
      Category 2    0.129          273.000
    E5
      Category 1    0.930         1968.000
      Category 2    0.070          147.000


SAMPLE STATISTICS


     ESTIMATED SAMPLE STATISTICS


           MEANS/INTERCEPTS/THRESHOLDS
              A1$1          A1$2          A1$3          A1$4          A2$1
              ________      ________      ________      ________      ________
      1         1.350         1.527         1.782         2.179        -0.478


           MEANS/INTERCEPTS/THRESHOLDS
              A2$2          A3$1          A4$1          A4$2          A4$3
              ________      ________      ________      ________      ________
      1         0.433         1.064        -0.004         0.614         1.035


           MEANS/INTERCEPTS/THRESHOLDS
              A4$4          B1$1          B1$2          B1$3          B2$1
              ________      ________      ________      ________      ________
      1         1.354        -1.740        -1.022        -0.118        -0.598


           MEANS/INTERCEPTS/THRESHOLDS
              B2$2          B2$3          B3$1          B3$2          B3$3
              ________      ________      ________      ________      ________
      1         0.329         1.083        -1.078        -0.355         0.367


           MEANS/INTERCEPTS/THRESHOLDS
              C1$1          C2$1          C3$1          D1$1          D1$2
              ________      ________      ________      ________      ________
      1        -0.955        -1.728         1.072         0.220         0.564


           MEANS/INTERCEPTS/THRESHOLDS
              D1$3          D2$1          D2$2          D2$3          D3$1
              ________      ________      ________      ________      ________
      1         0.973         0.205         0.475         0.859         0.477


           MEANS/INTERCEPTS/THRESHOLDS
              D3$2          D3$3          D4$1          D4$2          D4$3
              ________      ________      ________      ________      ________
      1         0.852         1.325         0.135         0.434         0.912


           MEANS/INTERCEPTS/THRESHOLDS
              D5$1          D5$2          D5$3          E1$1          E2$1
              ________      ________      ________      ________      ________
      1         0.380         0.736         1.146         1.070         0.200


           MEANS/INTERCEPTS/THRESHOLDS
              E2$2          E2$3          E4$1          E5$1          F2
              ________      ________      ________      ________      ________
      1         1.167         1.354         1.131         1.479         1.469


           MEANS/INTERCEPTS/THRESHOLDS
              F3            F4            F5
              ________      ________      ________
      1         6.422         3.383         2.652


           CORRELATION MATRIX (WITH VARIANCES ON THE DIAGONAL)
              A1            A2            A3            A4            B1
              ________      ________      ________      ________      ________
 A1
 A2             0.491
 A3             0.538         0.531
 A4             0.819         0.321         0.411
 B1             0.238         0.321         0.172         0.101
 B2             0.317         0.412         0.195         0.163         0.554
 B3             0.300         0.404         0.207         0.192         0.553
 C1             0.270         0.274         0.201         0.159         0.476
 C2            -0.133         0.088         0.036        -0.075         0.351
 C3            -0.146         0.004         0.045        -0.033        -0.120
 D1             0.022         0.007         0.018         0.057        -0.005
 D2             0.084         0.068         0.014         0.094         0.044
 D3             0.080         0.088         0.073         0.108         0.055
 D4             0.098         0.109         0.038         0.087         0.056
 D5             0.149         0.069         0.086         0.106         0.032
 E1             0.291         0.223         0.318         0.280         0.014
 E2            -0.018        -0.121        -0.023         0.014        -0.204
 E4             0.175         0.102         0.201         0.084        -0.194
 E5             0.228         0.023         0.235         0.171        -0.139
 F2            -0.031        -0.097        -0.074        -0.034        -0.141
 F3            -0.221        -0.239        -0.236        -0.139        -0.167
 F4            -0.144        -0.157        -0.198        -0.089        -0.094
 F5            -0.132        -0.129        -0.179        -0.087        -0.048


           CORRELATION MATRIX (WITH VARIANCES ON THE DIAGONAL)
              B2            B3            C1            C2            C3
              ________      ________      ________      ________      ________
 B3             0.841
 C1             0.335         0.326
 C2             0.279         0.224         0.716
 C3            -0.161        -0.170         0.579         0.458
 D1             0.081         0.090         0.087        -0.009         0.024
 D2             0.118         0.146         0.093        -0.015         0.036
 D3             0.133         0.153         0.099         0.008         0.031
 D4             0.158         0.181         0.086         0.018         0.022
 D5             0.128         0.176         0.056         0.026         0.033
 E1             0.022         0.043         0.008        -0.182         0.018
 E2            -0.113        -0.129        -0.106        -0.123         0.034
 E4            -0.049         0.007        -0.104        -0.252         0.003
 E5            -0.102        -0.070        -0.131        -0.278        -0.026
 F2            -0.112        -0.099        -0.066        -0.069        -0.030
 F3            -0.149        -0.156        -0.032         0.123         0.017
 F4            -0.094        -0.106         0.073         0.149         0.028
 F5            -0.065        -0.074         0.070         0.158         0.036


           CORRELATION MATRIX (WITH VARIANCES ON THE DIAGONAL)
              D1            D2            D3            D4            D5
              ________      ________      ________      ________      ________
 D2             0.802
 D3             0.757         0.872
 D4             0.801         0.813         0.808
 D5             0.747         0.818         0.844         0.826
 E1             0.006         0.096         0.161         0.079         0.124
 E2             0.040         0.017        -0.005         0.024         0.018
 E4            -0.025         0.014        -0.020         0.034        -0.023
 E5             0.000        -0.008        -0.077         0.004         0.035
 F2             0.184         0.133         0.121         0.175         0.130
 F3             0.304         0.164         0.147         0.194         0.142
 F4             0.342         0.199         0.164         0.223         0.179
 F5             0.307         0.200         0.174         0.214         0.162


           CORRELATION MATRIX (WITH VARIANCES ON THE DIAGONAL)
              E1            E2            E4            E5            F2
              ________      ________      ________      ________      ________
 E2             0.184
 E4             0.221         0.173
 E5             0.393         0.227         0.524
 F2            -0.039         0.000        -0.071        -0.003         5.951
 F3            -0.165         0.038        -0.137        -0.028         0.409
 F4            -0.138         0.003        -0.181        -0.106         0.355
 F5            -0.123        -0.004        -0.159        -0.134         0.237


           CORRELATION MATRIX (WITH VARIANCES ON THE DIAGONAL)
              F3            F4            F5
              ________      ________      ________
 F3            16.592
 F4             0.608        18.121
 F5             0.478         0.806         3.000


UNIVARIATE SAMPLE STATISTICS


     UNIVARIATE HIGHER-ORDER MOMENT DESCRIPTIVE STATISTICS

         Variable/         Mean/     Skewness/   Minimum/ % with                Percentiles
        Sample Size      Variance    Kurtosis    Maximum  Min/Max      20%/60%    40%/80%    Median

     F2                    1.469       2.497       0.000   55.32%       0.000      0.000      0.000
            2068.000       5.951       7.060      12.000    2.42%       1.000      2.000
     F3                    6.422      -0.023       0.000   17.78%       3.000      6.000      7.000
            2115.000      16.592      -0.448      20.000    0.24%       8.000     10.000
     F4                    3.383       0.950       0.000   53.90%       0.000      0.000      0.000
            2115.000      18.121      -0.155      20.000    0.09%       4.000      8.000
     F5                    2.652       0.349       1.000   45.86%       1.000      1.000      2.000
            2115.000       3.000      -1.618       5.000   29.03%       3.000      5.000


THE MODEL ESTIMATION TERMINATED NORMALLY

     WARNING:  THE LATENT VARIABLE COVARIANCE MATRIX (PSI) IS NOT POSITIVE
     DEFINITE.  THIS COULD INDICATE A NEGATIVE VARIANCE/RESIDUAL VARIANCE FOR A
     LATENT VARIABLE, A CORRELATION GREATER OR EQUAL TO ONE BETWEEN TWO LATENT
     VARIABLES, OR A LINEAR DEPENDENCY AMONG MORE THAN TWO LATENT VARIABLES.
     CHECK THE TECH4 OUTPUT FOR MORE INFORMATION.
     PROBLEM INVOLVING VARIABLE A1.




MODEL FIT INFORMATION

Number of Free Parameters                       90

Chi-Square Test of Model Fit

          Value                           1248.075*
          Degrees of Freedom                   215
          P-Value                           0.0000

*   The chi-square value for MLM, MLMV, MLR, ULSMV, WLSM and WLSMV cannot be used
    for chi-square difference testing in the regular way.  MLM, MLR and WLSM
    chi-square difference testing is described on the Mplus website.  MLMV, WLSMV,
    and ULSMV difference testing is done using the DIFFTEST option.

RMSEA (Root Mean Square Error Of Approximation)

          Estimate                           0.048
          90 Percent C.I.                    0.045  0.050
          Probability RMSEA <= .05           0.932

CFI/TLI

          CFI                                0.975
          TLI                                0.971

Chi-Square Test of Model Fit for the Baseline Model

          Value                          42411.457
          Degrees of Freedom                   253
          P-Value                           0.0000

WRMR (Weighted Root Mean Square Residual)

          Value                              2.054



MODEL RESULTS

                                                    Two-Tailed
                    Estimate       S.E.  Est./S.E.    P-Value

 TEMP     BY
    A1                 1.043      0.027     39.242      0.000
    A2                 0.678      0.021     32.512      0.000
    A3                 0.623      0.029     21.664      0.000
    A4                 0.727      0.018     40.782      0.000

 WAGE     BY
    B1                 0.633      0.018     34.317      0.000
    B2                 0.908      0.012     72.736      0.000
    B3                 0.919      0.012     74.418      0.000

 RIGHT    BY
    C1                 2.323      0.651      3.570      0.000
    C2                 0.322      0.095      3.373      0.001
    C3                 0.213      0.063      3.368      0.001

 EXCE     BY
    D1                 0.863      0.009     96.348      0.000
    D2                 0.923      0.007    140.068      0.000
    D3                 0.921      0.007    138.257      0.000
    D4                 0.902      0.007    128.507      0.000
    D5                 0.899      0.008    118.149      0.000

 CEXO     BY
    E1                 0.677      0.050     13.443      0.000
    E2                 0.199      0.035      5.644      0.000
    E4                 0.588      0.049     11.972      0.000
    E5                 0.681      0.050     13.507      0.000

 JORN     BY
    F2                 1.146      0.045     25.523      0.000
    F3                 3.305      0.105     31.331      0.000
    F4                 3.397      0.136     24.963      0.000
    F5                 1.157      0.087     13.302      0.000

 WAGE     WITH
    TEMP               0.429      0.024     17.951      0.000

 RIGHT    WITH
    TEMP               0.126      0.040      3.121      0.002
    WAGE               0.190      0.058      3.300      0.001

 EXCE     WITH
    TEMP               0.111      0.030      3.759      0.000
    WAGE               0.149      0.026      5.702      0.000
    RIGHT              0.041      0.022      1.904      0.057

 CEXO     WITH
    TEMP               0.356      0.043      8.338      0.000
    WAGE              -0.116      0.041     -2.818      0.005
    RIGHT             -0.066      0.031     -2.160      0.031
    EXCE               0.062      0.040      1.538      0.124

 JORN     WITH
    TEMP              -0.256      0.027     -9.654      0.000
    WAGE              -0.185      0.026     -7.214      0.000
    RIGHT              0.015      0.017      0.881      0.378
    EXCE               0.303      0.025     12.309      0.000
    CEXO              -0.227      0.045     -5.095      0.000

 Means
    TEMP               0.000      0.000    999.000    999.000
    WAGE               0.000      0.000    999.000    999.000
    RIGHT              0.000      0.000    999.000    999.000
    EXCE               0.000      0.000    999.000    999.000
    CEXO               0.000      0.000    999.000    999.000
    JORN               0.000      0.000    999.000    999.000

 Intercepts
    F2                 1.469      0.096     15.289      0.000
    F3                 6.422      0.089     72.490      0.000
    F4                 3.383      0.130     26.116      0.000
    F5                 2.652      0.046     58.137      0.000

 Thresholds
    A1$1               1.350      0.039     35.041      0.000
    A1$2               1.527      0.043     35.818      0.000
    A1$3               1.782      0.051     35.213      0.000
    A1$4               2.179      0.070     30.951      0.000
    A2$1              -0.478      0.028    -16.824      0.000
    A2$2               0.433      0.028     15.365      0.000
    A3$1               1.064      0.034     31.594      0.000
    A4$1              -0.004      0.027     -0.152      0.879
    A4$2               0.614      0.029     21.034      0.000
    A4$3               1.035      0.033     31.097      0.000
    A4$4               1.354      0.039     35.083      0.000
    B1$1              -1.740      0.050    -34.928      0.000
    B1$2              -1.022      0.034    -30.393      0.000
    B1$3              -0.118      0.028     -4.238      0.000
    B2$1              -0.598      0.029    -20.513      0.000
    B2$2               0.329      0.028     11.803      0.000
    B2$3               1.083      0.034     31.868      0.000
    B3$1              -1.078      0.034    -31.721      0.000
    B3$2              -0.355      0.028    -12.673      0.000
    B3$3               0.367      0.028     13.106      0.000
    C1$1              -0.955      0.033    -29.226      0.000
    C2$1              -1.728      0.049    -34.950      0.000
    C3$1               1.072      0.034     31.472      0.000
    D1$1               0.220      0.028      7.951      0.000
    D1$2               0.564      0.029     19.364      0.000
    D1$3               0.973      0.033     29.694      0.000
    D2$1               0.205      0.028      7.299      0.000
    D2$2               0.475      0.029     16.382      0.000
    D2$3               0.859      0.032     26.931      0.000
    D3$1               0.477      0.029     16.618      0.000
    D3$2               0.852      0.031     27.059      0.000
    D3$3               1.325      0.038     34.525      0.000
    D4$1               0.135      0.028      4.851      0.000
    D4$2               0.434      0.029     15.166      0.000
    D4$3               0.912      0.032     28.273      0.000
    D5$1               0.380      0.029     13.279      0.000
    D5$2               0.736      0.031     23.870      0.000
    D5$3               1.146      0.036     32.108      0.000
    E1$1               1.070      0.034     31.699      0.000
    E2$1               0.200      0.027      7.280      0.000
    E2$2               1.167      0.035     33.164      0.000
    E2$3               1.354      0.039     35.083      0.000
    E4$1               1.131      0.035     32.649      0.000
    E5$1               1.479      0.041     35.727      0.000

 Variances
    TEMP               1.000      0.000    999.000    999.000
    WAGE               1.000      0.000    999.000    999.000
    RIGHT              1.000      0.000    999.000    999.000
    EXCE               1.000      0.000    999.000    999.000
    CEXO               1.000      0.000    999.000    999.000
    JORN               1.000      0.000    999.000    999.000

 Residual Variances
    F2                 4.639      0.126     36.869      0.000
    F3                 5.666      0.453     12.496      0.000
    F4                 6.582      0.421     15.644      0.000
    F5                 1.662      0.100     16.656      0.000


STANDARDIZED MODEL RESULTS


STDYX Standardization

                                                    Two-Tailed
                    Estimate       S.E.  Est./S.E.    P-Value

 TEMP     BY
    A1                 1.043      0.027     39.242      0.000
    A2                 0.678      0.021     32.512      0.000
    A3                 0.623      0.029     21.664      0.000
    A4                 0.727      0.018     40.782      0.000

 WAGE     BY
    B1                 0.633      0.018     34.317      0.000
    B2                 0.908      0.012     72.736      0.000
    B3                 0.919      0.012     74.418      0.000

 RIGHT    BY
    C1                 2.323      0.651      3.570      0.000
    C2                 0.322      0.095      3.373      0.001
    C3                 0.213      0.063      3.368      0.001

 EXCE     BY
    D1                 0.863      0.009     96.348      0.000
    D2                 0.923      0.007    140.068      0.000
    D3                 0.921      0.007    138.257      0.000
    D4                 0.902      0.007    128.507      0.000
    D5                 0.899      0.008    118.149      0.000

 CEXO     BY
    E1                 0.677      0.050     13.443      0.000
    E2                 0.199      0.035      5.644      0.000
    E4                 0.588      0.049     11.972      0.000
    E5                 0.681      0.050     13.507      0.000

 JORN     BY
    F2                 0.470      0.016     30.178      0.000
    F3                 0.811      0.018     45.959      0.000
    F4                 0.798      0.018     44.357      0.000
    F5                 0.668      0.026     25.867      0.000

 WAGE     WITH
    TEMP               0.429      0.024     17.951      0.000

 RIGHT    WITH
    TEMP               0.126      0.040      3.121      0.002
    WAGE               0.190      0.058      3.300      0.001

 EXCE     WITH
    TEMP               0.111      0.030      3.759      0.000
    WAGE               0.149      0.026      5.702      0.000
    RIGHT              0.041      0.022      1.904      0.057

 CEXO     WITH
    TEMP               0.356      0.043      8.338      0.000
    WAGE              -0.116      0.041     -2.818      0.005
    RIGHT             -0.066      0.031     -2.160      0.031
    EXCE               0.062      0.040      1.538      0.124

 JORN     WITH
    TEMP              -0.256      0.027     -9.654      0.000
    WAGE              -0.185      0.026     -7.214      0.000
    RIGHT              0.015      0.017      0.881      0.378
    EXCE               0.303      0.025     12.309      0.000
    CEXO              -0.227      0.045     -5.095      0.000

 Means
    TEMP               0.000      0.000    999.000    999.000
    WAGE               0.000      0.000    999.000    999.000
    RIGHT              0.000      0.000    999.000    999.000
    EXCE               0.000      0.000    999.000    999.000
    CEXO               0.000      0.000    999.000    999.000
    JORN               0.000      0.000    999.000    999.000

 Intercepts
    F2                 0.602      0.046     13.053      0.000
    F3                 1.577      0.035     45.342      0.000
    F4                 0.795      0.045     17.766      0.000
    F5                 1.531      0.083     18.442      0.000

 Thresholds
    A1$1               1.350      0.039     35.041      0.000
    A1$2               1.527      0.043     35.818      0.000
    A1$3               1.782      0.051     35.213      0.000
    A1$4               2.179      0.070     30.951      0.000
    A2$1              -0.478      0.028    -16.824      0.000
    A2$2               0.433      0.028     15.365      0.000
    A3$1               1.064      0.034     31.594      0.000
    A4$1              -0.004      0.027     -0.152      0.879
    A4$2               0.614      0.029     21.034      0.000
    A4$3               1.035      0.033     31.097      0.000
    A4$4               1.354      0.039     35.083      0.000
    B1$1              -1.740      0.050    -34.928      0.000
    B1$2              -1.022      0.034    -30.393      0.000
    B1$3              -0.118      0.028     -4.238      0.000
    B2$1              -0.598      0.029    -20.513      0.000
    B2$2               0.329      0.028     11.803      0.000
    B2$3               1.083      0.034     31.868      0.000
    B3$1              -1.078      0.034    -31.721      0.000
    B3$2              -0.355      0.028    -12.673      0.000
    B3$3               0.367      0.028     13.106      0.000
    C1$1              -0.955      0.033    -29.226      0.000
    C2$1              -1.728      0.049    -34.950      0.000
    C3$1               1.072      0.034     31.472      0.000
    D1$1               0.220      0.028      7.951      0.000
    D1$2               0.564      0.029     19.364      0.000
    D1$3               0.973      0.033     29.694      0.000
    D2$1               0.205      0.028      7.299      0.000
    D2$2               0.475      0.029     16.382      0.000
    D2$3               0.859      0.032     26.931      0.000
    D3$1               0.477      0.029     16.618      0.000
    D3$2               0.852      0.031     27.059      0.000
    D3$3               1.325      0.038     34.525      0.000
    D4$1               0.135      0.028      4.851      0.000
    D4$2               0.434      0.029     15.166      0.000
    D4$3               0.912      0.032     28.273      0.000
    D5$1               0.380      0.029     13.279      0.000
    D5$2               0.736      0.031     23.870      0.000
    D5$3               1.146      0.036     32.108      0.000
    E1$1               1.070      0.034     31.699      0.000
    E2$1               0.200      0.027      7.280      0.000
    E2$2               1.167      0.035     33.164      0.000
    E2$3               1.354      0.039     35.083      0.000
    E4$1               1.131      0.035     32.649      0.000
    E5$1               1.479      0.041     35.727      0.000

 Variances
    TEMP               1.000      0.000    999.000    999.000
    WAGE               1.000      0.000    999.000    999.000
    RIGHT              1.000      0.000    999.000    999.000
    EXCE               1.000      0.000    999.000    999.000
    CEXO               1.000      0.000    999.000    999.000
    JORN               1.000      0.000    999.000    999.000

 Residual Variances
    F2                 0.779      0.015     53.330      0.000
    F3                 0.342      0.029     11.918      0.000
    F4                 0.363      0.029     12.651      0.000
    F5                 0.554      0.034     16.059      0.000


R-SQUARE

    Observed                                        Two-Tailed   Residual
    Variable        Estimate       S.E.  Est./S.E.    P-Value    Variance

    A1              Undefined   0.10870E+01                       -0.087
    A2                 0.460      0.028     16.256      0.000      0.540
    A3                 0.388      0.036     10.832      0.000      0.612
    A4                 0.528      0.026     20.391      0.000      0.472
    B1                 0.401      0.023     17.159      0.000      0.599
    B2                 0.825      0.023     36.368      0.000      0.175
    B3                 0.844      0.023     37.209      0.000      0.156
    C1              Undefined   0.53967E+01                       -4.397
    C2                 0.104      0.061      1.686      0.092      0.896
    C3                 0.046      0.027      1.684      0.092      0.954
    D1                 0.745      0.015     48.174      0.000      0.255
    D2                 0.851      0.012     70.034      0.000      0.149
    D3                 0.849      0.012     69.128      0.000      0.151
    D4                 0.813      0.013     64.253      0.000      0.187
    D5                 0.809      0.014     59.074      0.000      0.191
    E1                 0.458      0.068      6.722      0.000      0.542
    E2                 0.040      0.014      2.822      0.005      0.960
    E4                 0.346      0.058      5.986      0.000      0.654
    E5                 0.464      0.069      6.753      0.000      0.536
    F2                 0.221      0.015     15.089      0.000
    F3                 0.658      0.029     22.980      0.000
    F4                 0.637      0.029     22.179      0.000
    F5                 0.446      0.034     12.934      0.000


QUALITY OF NUMERICAL RESULTS

     Condition Number for the Information Matrix              0.143E-03
       (ratio of smallest to largest eigenvalue)


MODEL MODIFICATION INDICES

Minimum M.I. value for printing the modification index    10.000

                                   M.I.     E.P.C.  Std E.P.C.  StdYX E.P.C.

ON/BY Statements

A1       ON WAGE     /
WAGE     BY A1                    27.732    -0.232     -0.232       -0.232
A2       ON WAGE     /
WAGE     BY A2                   214.807     0.393      0.393        0.393
A2       ON RIGHT    /
RIGHT    BY A2                    17.794     0.080      0.080        0.080
A2       ON CEXO     /
CEXO     BY A2                    65.550    -0.307     -0.307       -0.307
A2       ON JORN     /
JORN     BY A2                    18.403    -0.091     -0.091       -0.091
A3       ON CEXO     /
CEXO     BY A3                    18.491     0.201      0.201        0.201
A3       ON JORN     /
JORN     BY A3                    16.139    -0.111     -0.111       -0.111
A4       ON WAGE     /
WAGE     BY A4                    76.985    -0.264     -0.264       -0.264
A4       ON CEXO     /
CEXO     BY A4                    14.019     0.145      0.145        0.145
A4       ON JORN     /
JORN     BY A4                    19.673     0.100      0.100        0.100
B1       ON RIGHT    /
RIGHT    BY B1                    51.099     0.117      0.117        0.117
B1       ON EXCE     /
EXCE     BY B1                    19.067    -0.075     -0.075       -0.075
B1       ON JORN     /
JORN     BY B1                    10.010    -0.060     -0.060       -0.060
B3       ON RIGHT    /
RIGHT    BY B3                    10.960    -0.067     -0.067       -0.067
C1       ON TEMP     /
TEMP     BY C1                    30.161     1.529      1.529        1.529
C1       ON WAGE     /
WAGE     BY C1                    20.500     2.224      2.224        2.224
C1       ON CEXO     /
CEXO     BY C1                    26.441     1.501      1.501        1.501
C1       ON JORN     /
JORN     BY C1                    17.365    -0.732     -0.732       -0.732
C2       ON WAGE     /
WAGE     BY C2                    56.344     0.366      0.366        0.366
C2       ON CEXO     /
CEXO     BY C2                    53.939    -0.391     -0.391       -0.391
C3       ON TEMP     /
TEMP     BY C3                    35.295    -0.186     -0.186       -0.186
C3       ON WAGE     /
WAGE     BY C3                   118.574    -0.357     -0.357       -0.357
D1       ON TEMP     /
TEMP     BY D1                    38.011    -0.137     -0.137       -0.137
D1       ON WAGE     /
WAGE     BY D1                    26.880    -0.107     -0.107       -0.107
D1       ON CEXO     /
CEXO     BY D1                    24.784    -0.168     -0.168       -0.168
D1       ON JORN     /
JORN     BY D1                    86.003     0.205      0.205        0.205
D3       ON JORN     /
JORN     BY D3                    14.033    -0.086     -0.086       -0.086
D5       ON JORN     /
JORN     BY D5                    12.854    -0.081     -0.081       -0.081
E1       ON TEMP     /
TEMP     BY E1                    83.732     0.357      0.357        0.357
E1       ON WAGE     /
WAGE     BY E1                    65.926     0.247      0.247        0.247
E1       ON RIGHT    /
RIGHT    BY E1                    15.937     0.114      0.114        0.114
E1       ON EXCE     /
EXCE     BY E1                    19.934     0.116      0.116        0.116
E2       ON TEMP     /
TEMP     BY E2                   100.753    -0.228     -0.228       -0.228
E2       ON WAGE     /
WAGE     BY E2                    93.045    -0.174     -0.174       -0.174
E2       ON RIGHT    /
RIGHT    BY E2                    14.417    -0.068     -0.068       -0.068
E2       ON JORN     /
JORN     BY E2                    33.881     0.113      0.113        0.113
E4       ON JORN     /
JORN     BY E4                    10.630    -0.103     -0.103       -0.103
F2       ON CEXO     /
CEXO     BY F2                    18.751     0.300      0.300        0.123
F3       ON TEMP     /
TEMP     BY F3                    29.393    -0.502     -0.502       -0.123
F3       ON WAGE     /
WAGE     BY F3                    23.206    -0.386     -0.386       -0.095
F3       ON EXCE     /
EXCE     BY F3                    21.745    -0.367     -0.367       -0.090
F5       ON WAGE     /
WAGE     BY F5                    15.564     0.130      0.130        0.075

ON Statements

TEMP     ON A1                    45.780     0.498      0.498        0.498
TEMP     ON A2                   179.385    -0.594     -0.594       -0.594
TEMP     ON A4                    79.316     0.442      0.442        0.442
TEMP     ON E1                    44.846     0.297      0.297        0.297
TEMP     ON E2                    42.701    -0.165     -0.165       -0.165
TEMP     ON F3                    16.000    -0.073     -0.073       -0.298
WAGE     ON A1                    24.383    -0.184     -0.184       -0.184
WAGE     ON A2                   187.242     0.309      0.309        0.309
WAGE     ON A4                    71.218    -0.215     -0.215       -0.215
WAGE     ON B1                    21.867    -0.205     -0.205       -0.205
WAGE     ON C2                    77.657     0.417      0.417        0.417
WAGE     ON C3                   105.636    -0.331     -0.331       -0.331
WAGE     ON E1                    29.288     0.191      0.191        0.191
WAGE     ON E2                    57.066    -0.156     -0.156       -0.156
WAGE     ON F2                    10.482    -0.031     -0.031       -0.077
WAGE     ON F5                    10.154     0.069      0.069        0.119
RIGHT    ON B1                    52.165     0.114      0.114        0.114
RIGHT    ON B3                    11.022    -0.065     -0.065       -0.065
RIGHT    ON C1                    13.670   -14.507    -14.507      -14.507
RIGHT    ON C2                    81.029    -2.155     -2.155       -2.155
RIGHT    ON C3                   112.374     1.690      1.690        1.690
EXCE     ON B1                    13.823    -0.066     -0.066       -0.066
EXCE     ON D1                    27.549    -0.323     -0.323       -0.323
EXCE     ON E1                    14.903     0.105      0.105        0.105
EXCE     ON F3                    15.628    -0.055     -0.055       -0.224
CEXO     ON A3                    12.420     0.174      0.174        0.174
CEXO     ON B1                    15.211    -0.158     -0.158       -0.158
CEXO     ON C1                    15.087     1.427      1.427        1.427
CEXO     ON C2                    30.042    -0.361     -0.361       -0.361
CEXO     ON E1                    31.011    -0.665     -0.665       -0.665
CEXO     ON E2                    23.287     0.290      0.290        0.290
JORN     ON A2                    16.427    -0.089     -0.089       -0.089
JORN     ON A3                    14.941    -0.111     -0.111       -0.111
JORN     ON A4                    14.402     0.088      0.088        0.088
JORN     ON C1                    10.432    -0.623     -0.623       -0.623
JORN     ON C2                    12.923     0.129      0.129        0.129
JORN     ON D1                    69.800     0.180      0.180        0.180
JORN     ON D3                    13.755    -0.083     -0.083       -0.083
JORN     ON D5                    10.303    -0.070     -0.070       -0.070
JORN     ON E2                    13.211     0.075      0.075        0.075
A1       ON A2                    81.015    -0.445     -0.445       -0.445
A1       ON A3                    14.155    -0.201     -0.201       -0.201
A1       ON A4                   242.465     0.680      0.680        0.680
A1       ON B1                    11.868    -0.124     -0.124       -0.124
A1       ON B2                    19.668    -0.117     -0.117       -0.117
A1       ON B3                    23.130    -0.127     -0.127       -0.127
A1       ON F2                    11.873     0.048      0.048        0.116
A2       ON A1                    81.015    -0.445     -0.445       -0.445
A2       ON A3                    16.448     0.159      0.159        0.159
A2       ON A4                    77.669    -0.320     -0.320       -0.320
A2       ON B1                   125.023     0.236      0.236        0.236
A2       ON B2                   155.024     0.198      0.198        0.198
A2       ON B3                   145.417     0.194      0.194        0.194
A2       ON C1                    15.803     0.028      0.028        0.028
A2       ON C2                    12.772     0.139      0.139        0.139
A2       ON E2                    50.156    -0.204     -0.204       -0.204
A2       ON E4                    21.116    -0.140     -0.140       -0.140
A2       ON E5                    44.087    -0.216     -0.216       -0.216
A2       ON F3                    23.266    -0.026     -0.026       -0.105
A2       ON F4                    14.386    -0.020     -0.020       -0.084
A2       ON F5                    11.706    -0.047     -0.047       -0.081
A3       ON A1                    14.155    -0.201     -0.201       -0.201
A3       ON A2                    16.448     0.159      0.159        0.159
A3       ON E1                    20.268     0.149      0.149        0.149
A3       ON E5                    11.103     0.129      0.129        0.129
A3       ON F3                    17.513    -0.029     -0.029       -0.119
A3       ON F4                    15.247    -0.027     -0.027       -0.116
A3       ON F5                    14.669    -0.069     -0.069       -0.120
A4       ON A1                   242.463     0.680      0.680        0.680
A4       ON A2                    77.669    -0.320     -0.320       -0.320
A4       ON B1                    45.641    -0.158     -0.158       -0.158
A4       ON B2                    61.286    -0.143     -0.143       -0.143
A4       ON B3                    51.741    -0.131     -0.131       -0.131
A4       ON E1                    16.476     0.109      0.109        0.109
A4       ON F2                    15.310     0.038      0.038        0.092
A4       ON F3                    14.901     0.022      0.022        0.089
A4       ON F4                    19.577     0.024      0.024        0.103
A4       ON F5                    15.474     0.055      0.055        0.096
B1       ON A2                    15.648     0.078      0.078        0.078
B1       ON C1                    50.945     0.042      0.042        0.042
B1       ON C2                    79.008     0.326      0.326        0.326
B1       ON D1                    19.988    -0.065     -0.065       -0.065
B1       ON D2                    14.812    -0.053     -0.053       -0.053
B1       ON D3                    13.847    -0.053     -0.053       -0.053
B1       ON D4                    13.237    -0.051     -0.051       -0.051
B1       ON D5                    15.883    -0.058     -0.058       -0.058
B1       ON E2                    41.986    -0.189     -0.189       -0.189
B1       ON E4                    16.231    -0.111     -0.111       -0.111
B1       ON F2                    18.452    -0.038     -0.038       -0.093
B1       ON F3                    12.092    -0.017     -0.017       -0.068
B2       ON A2                    31.827     0.114      0.114        0.114
B2       ON A4                    15.257    -0.088     -0.088       -0.088
B2       ON B3                    21.864     0.270      0.270        0.270
B2       ON C3                    38.998    -0.224     -0.224       -0.224
B2       ON E2                    10.367    -0.088     -0.088       -0.088
B3       ON A2                    26.150     0.106      0.106        0.106
B3       ON B2                    21.864     0.270      0.270        0.270
B3       ON C1                    10.753    -0.024     -0.024       -0.024
B3       ON C3                    43.311    -0.240     -0.240       -0.240
B3       ON E2                    12.534    -0.097     -0.097       -0.097
C1       ON B1                    52.283     0.265      0.265        0.265
C1       ON C2                   112.525    -5.926     -5.926       -5.926
C1       ON C3                    80.897     3.315      3.315        3.315
C1       ON E1                    11.585     0.225      0.225        0.225
C1       ON F3                    14.330    -0.096     -0.096       -0.389
C2       ON B1                    64.825     0.327      0.327        0.327
C2       ON B2                    49.938     0.230      0.230        0.230
C2       ON B3                    41.498     0.210      0.210        0.210
C2       ON C1                   113.479    -5.951     -5.951       -5.951
C2       ON C3                    12.521     0.410      0.410        0.410
C2       ON E1                    30.186    -0.242     -0.242       -0.242
C2       ON E2                    11.773    -0.190     -0.190       -0.190
C2       ON E4                    36.548    -0.285     -0.285       -0.285
C2       ON E5                    39.640    -0.295     -0.295       -0.295
C2       ON F4                    10.419     0.027      0.027        0.114
C2       ON F5                    11.718     0.076      0.076        0.132
C3       ON A1                    32.678    -0.138     -0.138       -0.138
C3       ON A2                    12.482    -0.091     -0.091       -0.091
C3       ON A3                    12.677    -0.116     -0.116       -0.116
C3       ON A4                    17.679    -0.104     -0.104       -0.104
C3       ON B1                    72.846    -0.246     -0.246       -0.246
C3       ON B2                    95.240    -0.213     -0.213       -0.213
C3       ON B3                    97.844    -0.217     -0.217       -0.217
C3       ON C1                    81.267     3.323      3.323        3.323
C3       ON C2                    12.534     0.411      0.411        0.411
D1       ON A1                    31.095    -0.097     -0.097       -0.097
D1       ON A2                    22.804    -0.091     -0.091       -0.091
D1       ON A3                    22.979    -0.117     -0.117       -0.117
D1       ON A4                    15.427    -0.072     -0.072       -0.072
D1       ON B1                    23.833    -0.096     -0.096       -0.096
D1       ON B2                    15.772    -0.057     -0.057       -0.057
D1       ON B3                    15.123    -0.057     -0.057       -0.057
D1       ON D3                    10.135    -0.060     -0.060       -0.060
D1       ON E1                    10.082    -0.086     -0.086       -0.086
D1       ON E4                    12.456    -0.108     -0.108       -0.108
D1       ON E5                    12.355    -0.108     -0.108       -0.108
D1       ON F2                    41.033     0.057      0.057        0.139
D1       ON F3                    75.044     0.048      0.048        0.194
D1       ON F4                    83.222     0.049      0.049        0.208
D1       ON F5                    79.763     0.135      0.135        0.235
D2       ON D3                    12.693     0.057      0.057        0.057
D3       ON D1                    10.135    -0.060     -0.060       -0.060
D3       ON D2                    12.693     0.057      0.057        0.057
D3       ON F3                    15.690    -0.023     -0.023       -0.093
D3       ON F4                    13.943    -0.021     -0.021       -0.088
D5       ON F3                    14.724    -0.022     -0.022       -0.088
D5       ON F4                    11.437    -0.018     -0.018       -0.079
E1       ON A1                    52.319     0.202      0.202        0.202
E1       ON A2                    36.659     0.184      0.184        0.184
E1       ON A3                    62.613     0.284      0.284        0.284
E1       ON A4                    50.971     0.199      0.199        0.199
E1       ON B1                    32.880     0.157      0.157        0.157
E1       ON B2                    43.561     0.142      0.142        0.142
E1       ON B3                    47.909     0.149      0.149        0.149
E1       ON C1                    14.497     0.040      0.040        0.040
E1       ON D2                    15.541     0.081      0.081        0.081
E1       ON D3                    22.102     0.097      0.097        0.097
E1       ON D4                    13.847     0.077      0.077        0.077
E1       ON D5                    18.309     0.091      0.091        0.091
E1       ON E4                    25.970    -0.390     -0.390       -0.390
E2       ON A1                    76.478    -0.149     -0.149       -0.149
E2       ON A2                    92.791    -0.184     -0.184       -0.184
E2       ON A3                    57.494    -0.177     -0.177       -0.177
E2       ON A4                    44.970    -0.122     -0.122       -0.122
E2       ON B1                    94.977    -0.174     -0.174       -0.174
E2       ON B2                    63.369    -0.105     -0.105       -0.105
E2       ON B3                    67.669    -0.107     -0.107       -0.107
E2       ON C1                    12.387    -0.023     -0.023       -0.023
E2       ON C2                    15.791    -0.153     -0.153       -0.153
E2       ON F2                    14.941     0.037      0.037        0.090
E2       ON F3                    32.550     0.028      0.028        0.115
E2       ON F4                    28.221     0.025      0.025        0.108
E2       ON F5                    22.881     0.060      0.060        0.103
E4       ON E1                    25.970    -0.390     -0.390       -0.390
E4       ON E5                    15.251     0.285      0.285        0.285
E4       ON F4                    11.315    -0.026     -0.026       -0.111
E4       ON F5                    10.711    -0.067     -0.067       -0.115
E5       ON A2                    13.802    -0.133     -0.133       -0.133
E5       ON C2                    10.470    -0.193     -0.193       -0.193
E5       ON E4                    15.251     0.285      0.285        0.285
F2       ON B1                    12.352    -0.130     -0.130       -0.053
F2       ON E5                    13.280     0.230      0.230        0.094
F2       ON F5                    15.632    -0.304     -0.304       -0.216
F3       ON A1                    18.209    -0.295     -0.295       -0.072
F3       ON A2                    33.807    -0.416     -0.416       -0.102
F3       ON A3                    29.701    -0.517     -0.517       -0.127
F3       ON B1                    22.689    -0.333     -0.333       -0.082
F3       ON B2                    11.287    -0.188     -0.188       -0.046
F3       ON B3                    12.356    -0.198     -0.198       -0.049
F3       ON D2                    21.122    -0.275     -0.275       -0.068
F3       ON D3                    24.362    -0.299     -0.299       -0.074
F3       ON D4                    14.567    -0.227     -0.227       -0.056
F3       ON D5                    24.477    -0.303     -0.303       -0.074
F4       ON C2                    12.541     0.553      0.553        0.130
F4       ON D1                    11.461     0.224      0.224        0.053
F4       ON F5                    39.012     1.655      1.655        0.674
F5       ON B2                    12.639     0.082      0.082        0.047
F5       ON B3                    11.437     0.079      0.079        0.045
F5       ON C2                    13.056     0.227      0.227        0.131
F5       ON D1                    14.214     0.111      0.111        0.064
F5       ON F2                    15.630    -0.109     -0.109       -0.154
F5       ON F4                    38.959     0.418      0.418        1.026

WITH Statements

A1       WITH TEMP                45.782     0.498      0.498      999.000
A1       WITH WAGE                24.383    -0.184     -0.184      999.000
A2       WITH TEMP               179.383    -0.594     -0.594       -0.809
A2       WITH WAGE               187.242     0.309      0.309        0.420
A2       WITH JORN                16.427    -0.089     -0.089       -0.121
A2       WITH A1                  81.015    -0.445     -0.445      999.000
A3       WITH CEXO                12.420     0.174      0.174        0.222
A3       WITH JORN                14.941    -0.111     -0.111       -0.142
A3       WITH A1                  14.154    -0.201     -0.201      999.000
A3       WITH A2                  16.448     0.159      0.159        0.276
A4       WITH TEMP                79.317     0.442      0.442        0.643
A4       WITH WAGE                71.219    -0.215     -0.215       -0.313
A4       WITH JORN                14.402     0.088      0.088        0.128
A4       WITH A1                 242.465     0.680      0.680      999.000
A4       WITH A2                  77.669    -0.320     -0.320       -0.633
B1       WITH WAGE                21.866    -0.205     -0.205       -0.265
B1       WITH RIGHT               52.165     0.114      0.114        0.147
B1       WITH EXCE                13.822    -0.066     -0.066       -0.085
B1       WITH CEXO                15.210    -0.158     -0.158       -0.204
B1       WITH A2                  27.721     0.150      0.150        0.263
B1       WITH A4                  10.873    -0.105     -0.105       -0.198
B2       WITH A2                  56.978     0.198      0.198        0.642
B2       WITH A4                  25.241    -0.154     -0.154       -0.536
B3       WITH RIGHT               11.023    -0.065     -0.065       -0.164
B3       WITH A1                  10.406    -0.144     -0.144      999.000
B3       WITH A2                  44.316     0.179      0.179        0.618
B3       WITH A4                  15.358    -0.121     -0.121       -0.447
B3       WITH B2                  21.864     0.270      0.270        1.638
C1       WITH RIGHT               12.621   -13.940    -13.940      999.000
C1       WITH CEXO                15.147     1.429      1.429      999.000
C1       WITH JORN                10.419    -0.623     -0.623      999.000
C1       WITH B1                  49.461     0.258      0.258      999.000
C2       WITH WAGE                77.651     0.417      0.417        0.441
C2       WITH RIGHT               81.007    -2.155     -2.155       -2.276
C2       WITH CEXO                30.040    -0.361     -0.361       -0.381
C2       WITH JORN                12.923     0.129      0.129        0.136
C2       WITH B1                  33.826     0.335      0.335        0.456
C2       WITH B2                  20.197     0.262      0.262        0.661
C2       WITH B3                  11.160     0.197      0.197        0.527
C2       WITH C1                 112.509    -5.926     -5.926      999.000
C3       WITH WAGE               105.639    -0.331     -0.331       -0.339
C3       WITH RIGHT              112.386     1.690      1.690        1.730
C3       WITH B1                  13.107    -0.154     -0.154       -0.203
C3       WITH B2                  33.163    -0.230     -0.230       -0.562
C3       WITH B3                  34.891    -0.240     -0.240       -0.622
C3       WITH C1                  80.903     3.315      3.315      999.000
C3       WITH C2                  12.528     0.410      0.410        0.444
D1       WITH EXCE                27.549    -0.323     -0.323       -0.640
D1       WITH JORN                69.801     0.180      0.180        0.357
D3       WITH JORN                13.755    -0.083     -0.083       -0.213
D3       WITH D1                  10.135    -0.060     -0.060       -0.304
D3       WITH D2                  12.693     0.057      0.057        0.382
D5       WITH JORN                10.303    -0.070     -0.070       -0.161
E1       WITH TEMP                44.845     0.297      0.297        0.404
E1       WITH WAGE                29.288     0.191      0.191        0.260
E1       WITH EXCE                14.903     0.105      0.105        0.143
E1       WITH CEXO                31.012    -0.665     -0.665       -0.904
E1       WITH A3                  13.683     0.185      0.185        0.321
E1       WITH A4                  11.468     0.134      0.134        0.264
E1       WITH B3                  10.499     0.138      0.138        0.477
E2       WITH TEMP                42.701    -0.165     -0.165       -0.169
E2       WITH WAGE                57.066    -0.156     -0.156       -0.159
E2       WITH CEXO                23.287     0.290      0.290        0.296
E2       WITH JORN                13.211     0.075      0.075        0.076
E2       WITH A2                  37.102    -0.182     -0.182       -0.253
E2       WITH B1                  39.626    -0.192     -0.192       -0.254
E2       WITH B2                  11.386    -0.096     -0.096       -0.234
E2       WITH B3                  15.675    -0.112     -0.112       -0.291
E4       WITH B1                  15.513    -0.161     -0.161       -0.257
E4       WITH C2                  11.346    -0.242     -0.242       -0.316
E4       WITH E1                  25.971    -0.390     -0.390       -0.655
E5       WITH C2                  10.664    -0.265     -0.265       -0.382
E5       WITH E4                  15.251     0.285      0.285        0.482
F2       WITH WAGE                10.482    -0.146     -0.146       -0.068
F2       WITH B1                  13.754    -0.217     -0.217       -0.130
F3       WITH TEMP                15.998    -0.415     -0.415       -0.174
F3       WITH EXCE                15.628    -0.312     -0.312       -0.131
F3       WITH A2                  19.364    -0.466     -0.466       -0.266
F3       WITH D1                  14.217     0.418      0.418        0.348
F3       WITH D5                  10.006    -0.363     -0.363       -0.349
F4       WITH D1                  26.347     0.627      0.627        0.484
F5       WITH WAGE                10.155     0.114      0.114        0.089
F5       WITH D1                  15.238     0.243      0.243        0.373
F5       WITH F2                  15.630    -0.506     -0.506       -0.182
F5       WITH F4                  38.959     2.749      2.749        0.831


DIAGRAM INFORMATION

  Use View Diagram under the Diagram menu in the Mplus Editor to view the diagram.
  If running Mplus from the Mplus Diagrammer, the diagram opens automatically.

  Diagram output
    c:\users\nicol\onedrive - instituto nacional de estadisticas\diplomado estadstica - 3ra entrega

     Beginning Time:  17:58:59
        Ending Time:  17:59:01
       Elapsed Time:  00:00:02



MUTHEN & MUTHEN
3463 Stoner Ave.
Los Angeles, CA  90066

Tel: (310) 391-9971
Fax: (310) 391-8971
Web: www.StatModel.com
Support: Support@StatModel.com

Copyright (c) 1998-2015 Muthen & Muthen
